<?xml version="1.0" encoding="UTF-8"?>
<testsuite xmlns:xsi="http://www.w3.org/2001/XMLSchema-instance" xsi:noNamespaceSchemaLocation="https://maven.apache.org/surefire/maven-surefire-plugin/xsd/surefire-test-report-3.0.xsd" version="3.0" name="BivariateGrangerTest" time="0.046" tests="6" errors="0" skipped="0" failures="0">
  <properties>
    <property name="sun.desktop" value="windows"/>
    <property name="awt.toolkit" value="sun.awt.windows.WToolkit"/>
    <property name="java.specification.version" value="11"/>
    <property name="sun.cpu.isalist" value="amd64"/>
    <property name="sun.jnu.encoding" value="GBK"/>
    <property name="java.class.path" value="D:\Programme\SDGInteraction\target\test-classes;D:\Programme\SDGInteraction\target\classes;D:\Maven3\repository\org\apache\poi\poi\3.9\poi-3.9.jar;D:\Maven3\repository\commons-codec\commons-codec\1.5\commons-codec-1.5.jar;D:\Maven3\repository\org\apache\poi\poi-ooxml\3.9\poi-ooxml-3.9.jar;D:\Maven3\repository\org\apache\poi\poi-ooxml-schemas\3.9\poi-ooxml-schemas-3.9.jar;D:\Maven3\repository\org\apache\xmlbeans\xmlbeans\2.3.0\xmlbeans-2.3.0.jar;D:\Maven3\repository\stax\stax-api\1.0.1\stax-api-1.0.1.jar;D:\Maven3\repository\dom4j\dom4j\1.6.1\dom4j-1.6.1.jar;D:\Maven3\repository\xml-apis\xml-apis\1.0.b2\xml-apis-1.0.b2.jar;D:\Maven3\repository\com\monitorjbl\xlsx-streamer\1.2.0\xlsx-streamer-1.2.0.jar;D:\Maven3\repository\org\apache\poi\ooxml-schemas\1.3\ooxml-schemas-1.3.jar;D:\Maven3\repository\xerces\xercesImpl\2.11.0\xercesImpl-2.11.0.jar;D:\Maven3\repository\com\fasterxml\jackson\core\jackson-databind\2.8.8\jackson-databind-2.8.8.jar;D:\Maven3\repository\com\fasterxml\jackson\core\jackson-annotations\2.8.0\jackson-annotations-2.8.0.jar;D:\Maven3\repository\com\fasterxml\jackson\core\jackson-core\2.8.8\jackson-core-2.8.8.jar;D:\Maven3\repository\net\sf\opencsv\opencsv\2.3\opencsv-2.3.jar;D:\Maven3\repository\junit\junit\4.12\junit-4.12.jar;D:\Maven3\repository\org\hamcrest\hamcrest-core\1.3\hamcrest-core-1.3.jar;D:\Maven3\repository\org\apache\commons\commons-math3\3.6.1\commons-math3-3.6.1.jar;D:\Maven3\repository\org\projectlombok\lombok\1.18.38\lombok-1.18.38.jar;D:\Maven3\repository\org\python\jython-standalone\2.7.0\jython-standalone-2.7.0.jar;D:\Maven3\repository\org\apache\httpcomponents\httpclient\4.5.5\httpclient-4.5.5.jar;D:\Maven3\repository\org\apache\httpcomponents\httpcore\4.4.9\httpcore-4.4.9.jar;D:\Maven3\repository\commons-logging\commons-logging\1.2\commons-logging-1.2.jar;D:\Maven3\repository\org\apache\httpcomponents\httpmime\4.5.5\httpmime-4.5.5.jar;D:\Maven3\repository\com\alibaba\fastjson\1.2.9\fastjson-1.2.9.jar;D:\Maven3\repository\org\mongodb\mongodb-driver\3.12.1\mongodb-driver-3.12.1.jar;D:\Maven3\repository\org\mongodb\bson\3.12.1\bson-3.12.1.jar;D:\Maven3\repository\org\mongodb\mongodb-driver-core\3.12.1\mongodb-driver-core-3.12.1.jar;D:\Maven3\repository\org\slf4j\slf4j-log4j12\2.0.0-alpha0\slf4j-log4j12-2.0.0-alpha0.jar;D:\Maven3\repository\org\slf4j\slf4j-api\2.0.0-alpha0\slf4j-api-2.0.0-alpha0.jar;D:\Maven3\repository\log4j\log4j\1.2.17\log4j-1.2.17.jar;D:\Maven3\repository\org\slf4j\slf4j-nop\1.7.25\slf4j-nop-1.7.25.jar;D:\Maven3\repository\net\sf\jsci\jsci\1.2\jsci-1.2.jar;D:\Maven3\repository\net\sf\jsci\lpsolve\2003-11-03\lpsolve-2003-11-03.jar;D:\Maven3\repository\org\axsl\org\w3c\dom\mathml\mathml-dom-java\2.0\mathml-dom-java-2.0.jar;D:\Maven3\repository\net\objecthunter\exp4j\0.4.7\exp4j-0.4.7.jar;D:\Maven3\repository\org\hamcrest\hamcrest-all\1.3\hamcrest-all-1.3.jar;D:\Maven3\repository\org\jgrapht\jgrapht-core\1.5.2\jgrapht-core-1.5.2.jar;D:\Maven3\repository\org\jheaps\jheaps\0.14\jheaps-0.14.jar;D:\Maven3\repository\org\apfloat\apfloat\1.10.1\apfloat-1.10.1.jar;"/>
    <property name="java.vm.vendor" value="Oracle Corporation"/>
    <property name="sun.arch.data.model" value="64"/>
    <property name="user.variant" value=""/>
    <property name="java.vendor.url" value="http://java.oracle.com/"/>
    <property name="user.timezone" value="Asia/Shanghai"/>
    <property name="user.country.format" value="US"/>
    <property name="java.vm.specification.version" value="11"/>
    <property name="os.name" value="Windows 10"/>
    <property name="sun.java.launcher" value="SUN_STANDARD"/>
    <property name="user.country" value="CN"/>
    <property name="sun.boot.library.path" value="C:\Program Files\Java\jdk-11\bin"/>
    <property name="sun.java.command" value="C:\Users\KaiWu\AppData\Local\Temp\surefire18037564291067849563\surefirebooter-20250427145353951_3.jar C:\Users\KaiWu\AppData\Local\Temp\surefire18037564291067849563 2025-04-27T14-53-53_747-jvmRun1 surefire-20250427145353951_1tmp surefire_0-20250427145353951_2tmp"/>
    <property name="jdk.debug" value="release"/>
    <property name="surefire.test.class.path" value="D:\Programme\SDGInteraction\target\test-classes;D:\Programme\SDGInteraction\target\classes;D:\Maven3\repository\org\apache\poi\poi\3.9\poi-3.9.jar;D:\Maven3\repository\commons-codec\commons-codec\1.5\commons-codec-1.5.jar;D:\Maven3\repository\org\apache\poi\poi-ooxml\3.9\poi-ooxml-3.9.jar;D:\Maven3\repository\org\apache\poi\poi-ooxml-schemas\3.9\poi-ooxml-schemas-3.9.jar;D:\Maven3\repository\org\apache\xmlbeans\xmlbeans\2.3.0\xmlbeans-2.3.0.jar;D:\Maven3\repository\stax\stax-api\1.0.1\stax-api-1.0.1.jar;D:\Maven3\repository\dom4j\dom4j\1.6.1\dom4j-1.6.1.jar;D:\Maven3\repository\xml-apis\xml-apis\1.0.b2\xml-apis-1.0.b2.jar;D:\Maven3\repository\com\monitorjbl\xlsx-streamer\1.2.0\xlsx-streamer-1.2.0.jar;D:\Maven3\repository\org\apache\poi\ooxml-schemas\1.3\ooxml-schemas-1.3.jar;D:\Maven3\repository\xerces\xercesImpl\2.11.0\xercesImpl-2.11.0.jar;D:\Maven3\repository\com\fasterxml\jackson\core\jackson-databind\2.8.8\jackson-databind-2.8.8.jar;D:\Maven3\repository\com\fasterxml\jackson\core\jackson-annotations\2.8.0\jackson-annotations-2.8.0.jar;D:\Maven3\repository\com\fasterxml\jackson\core\jackson-core\2.8.8\jackson-core-2.8.8.jar;D:\Maven3\repository\net\sf\opencsv\opencsv\2.3\opencsv-2.3.jar;D:\Maven3\repository\junit\junit\4.12\junit-4.12.jar;D:\Maven3\repository\org\hamcrest\hamcrest-core\1.3\hamcrest-core-1.3.jar;D:\Maven3\repository\org\apache\commons\commons-math3\3.6.1\commons-math3-3.6.1.jar;D:\Maven3\repository\org\projectlombok\lombok\1.18.38\lombok-1.18.38.jar;D:\Maven3\repository\org\python\jython-standalone\2.7.0\jython-standalone-2.7.0.jar;D:\Maven3\repository\org\apache\httpcomponents\httpclient\4.5.5\httpclient-4.5.5.jar;D:\Maven3\repository\org\apache\httpcomponents\httpcore\4.4.9\httpcore-4.4.9.jar;D:\Maven3\repository\commons-logging\commons-logging\1.2\commons-logging-1.2.jar;D:\Maven3\repository\org\apache\httpcomponents\httpmime\4.5.5\httpmime-4.5.5.jar;D:\Maven3\repository\com\alibaba\fastjson\1.2.9\fastjson-1.2.9.jar;D:\Maven3\repository\org\mongodb\mongodb-driver\3.12.1\mongodb-driver-3.12.1.jar;D:\Maven3\repository\org\mongodb\bson\3.12.1\bson-3.12.1.jar;D:\Maven3\repository\org\mongodb\mongodb-driver-core\3.12.1\mongodb-driver-core-3.12.1.jar;D:\Maven3\repository\org\slf4j\slf4j-log4j12\2.0.0-alpha0\slf4j-log4j12-2.0.0-alpha0.jar;D:\Maven3\repository\org\slf4j\slf4j-api\2.0.0-alpha0\slf4j-api-2.0.0-alpha0.jar;D:\Maven3\repository\log4j\log4j\1.2.17\log4j-1.2.17.jar;D:\Maven3\repository\org\slf4j\slf4j-nop\1.7.25\slf4j-nop-1.7.25.jar;D:\Maven3\repository\net\sf\jsci\jsci\1.2\jsci-1.2.jar;D:\Maven3\repository\net\sf\jsci\lpsolve\2003-11-03\lpsolve-2003-11-03.jar;D:\Maven3\repository\org\axsl\org\w3c\dom\mathml\mathml-dom-java\2.0\mathml-dom-java-2.0.jar;D:\Maven3\repository\net\objecthunter\exp4j\0.4.7\exp4j-0.4.7.jar;D:\Maven3\repository\org\hamcrest\hamcrest-all\1.3\hamcrest-all-1.3.jar;D:\Maven3\repository\org\jgrapht\jgrapht-core\1.5.2\jgrapht-core-1.5.2.jar;D:\Maven3\repository\org\jheaps\jheaps\0.14\jheaps-0.14.jar;D:\Maven3\repository\org\apfloat\apfloat\1.10.1\apfloat-1.10.1.jar;"/>
    <property name="sun.cpu.endian" value="little"/>
    <property name="user.home" value="C:\Users\KaiWu"/>
    <property name="user.language" value="zh"/>
    <property name="java.specification.vendor" value="Oracle Corporation"/>
    <property name="java.version.date" value="2018-09-25"/>
    <property name="java.home" value="C:\Program Files\Java\jdk-11"/>
    <property name="file.separator" value="\"/>
    <property name="basedir" value="D:\Programme\SDGInteraction"/>
    <property name="java.vm.compressedOopsMode" value="Zero based"/>
    <property name="line.separator" value="&#10;"/>
    <property name="java.specification.name" value="Java Platform API Specification"/>
    <property name="java.vm.specification.vendor" value="Oracle Corporation"/>
    <property name="java.awt.graphicsenv" value="sun.awt.Win32GraphicsEnvironment"/>
    <property name="surefire.real.class.path" value="C:\Users\KaiWu\AppData\Local\Temp\surefire18037564291067849563\surefirebooter-20250427145353951_3.jar"/>
    <property name="user.script" value=""/>
    <property name="sun.management.compiler" value="HotSpot 64-Bit Tiered Compilers"/>
    <property name="java.runtime.version" value="11+28"/>
    <property name="user.name" value="KaiWu"/>
    <property name="path.separator" value=";"/>
    <property name="os.version" value="10.0"/>
    <property name="java.runtime.name" value="Java(TM) SE Runtime Environment"/>
    <property name="file.encoding" value="GBK"/>
    <property name="java.vm.name" value="Java HotSpot(TM) 64-Bit Server VM"/>
    <property name="java.vendor.version" value="18.9"/>
    <property name="localRepository" value="D:\Maven3\repository"/>
    <property name="java.vendor.url.bug" value="http://bugreport.java.com/bugreport/"/>
    <property name="java.io.tmpdir" value="C:\Users\KaiWu\AppData\Local\Temp\"/>
    <property name="idea.version" value="2025.1"/>
    <property name="java.version" value="11"/>
    <property name="user.dir" value="D:\Programme\SDGInteraction"/>
    <property name="os.arch" value="amd64"/>
    <property name="java.vm.specification.name" value="Java Virtual Machine Specification"/>
    <property name="java.awt.printerjob" value="sun.awt.windows.WPrinterJob"/>
    <property name="user.language.format" value="en"/>
    <property name="sun.os.patch.level" value=""/>
    <property name="java.library.path" value="C:\Program Files\Java\jdk-11\bin;C:\Windows\Sun\Java\bin;C:\Windows\system32;C:\Windows;C:\Windows\system32;C:\Windows;C:\Windows\System32\Wbem;C:\Windows\System32\WindowsPowerShell\v1.0\;C:\Windows\System32\OpenSSH\;C:\Program Files (x86)\NVIDIA Corporation\PhysX\Common;C:\Program Files\NVIDIA Corporation\NVIDIA NvDLISR;C:\Program Files\Java\jdk-11\bin;C:\Program Files\Java\jdk-11\jre\bin;C:\Program Files\dotnet\;D:\Maven3\bin;C:\Users\KaiWu\AppData\Local\Microsoft\WindowsApps;;C:\Users\KaiWu\AppData\Roaming\Programs\Zero Install;D:\IntelliJ IDEA 2025.1\bin;;."/>
    <property name="java.vendor" value="Oracle Corporation"/>
    <property name="java.vm.info" value="mixed mode"/>
    <property name="java.vm.version" value="11+28"/>
    <property name="sun.io.unicode.encoding" value="UnicodeLittle"/>
    <property name="java.class.version" value="55.0"/>
  </properties>
  <testcase name="testStripMethod" classname="BivariateGrangerTest" time="0.003"/>
  <testcase name="testSqrSumMethod" classname="BivariateGrangerTest" time="0.0"/>
  <testcase name="testDataSizeConstraints" classname="BivariateGrangerTest" time="0.0"/>
  <testcase name="testMaxLagSize" classname="BivariateGrangerTest" time="0.002">
    <system-out><![CDATA[3
]]></system-out>
  </testcase>
  <testcase name="testCreateLaggedSide" classname="BivariateGrangerTest" time="0.0"/>
  <testcase name="testApplyMethod" classname="BivariateGrangerTest" time="0.015">
    <system-out><![CDATA[1.0
0.95
]]></system-out>
  </testcase>
</testsuite>